<?xml version="1.0" encoding="UTF-8"?>
<!-- Generated by org.testng.reporters.JUnitXMLReporter -->
<testsuite hostname="DESKTOP-BOM3T3C" ignored="0" name="Command line test" tests="3" failures="0" timestamp="13 дек 2017 07:43:25 GMT" time="0.072" errors="0">
  <testcase name="solvePolynom" time="0.017" classname="Main.Polynom2DegreeTest"/>
  <testcase name="solvePolynom" time="0.0" classname="Main.Polynom2DegreeTest"/>
  <testcase name="solvePolynom" time="0.0" classname="Main.Polynom2DegreeTest"/>
</testsuite> <!-- Command line test -->
