<?xml version="1.0" encoding="UTF-8"?>
<testng-results skipped="0" failed="0" ignored="0" total="3" passed="3">
  <reporter-output>
  </reporter-output>
  <suite name="Main.Polynom2DegreeTest" duration-ms="72" started-at="2017-12-13T07:43:25Z" finished-at="2017-12-13T07:43:25Z">
    <groups>
    </groups>
    <test name="Command line test" duration-ms="72" started-at="2017-12-13T07:43:25Z" finished-at="2017-12-13T07:43:25Z">
      <class name="Main.Polynom2DegreeTest">
        <test-method status="PASS" signature="solvePolynom([D, [D, boolean)[pri:0, instance:Main.Polynom2DegreeTest@6bdf28bb]" name="solvePolynom" duration-ms="17" started-at="2017-12-13T13:43:25Z" data-provider="solve" finished-at="2017-12-13T13:43:25Z">
          <params>
            <param index="0">
              <value>
                <![CDATA[[D@5d5eef3d]]>
              </value>
            </param>
            <param index="1">
              <value>
                <![CDATA[[D@56f4468b]]>
              </value>
            </param>
            <param index="2">
              <value>
                <![CDATA[true]]>
              </value>
            </param>
          </params>
          <reporter-output>
          </reporter-output>
        </test-method> <!-- solvePolynom -->
        <test-method status="PASS" signature="solvePolynom([D, [D, boolean)[pri:0, instance:Main.Polynom2DegreeTest@6bdf28bb]" name="solvePolynom" duration-ms="0" started-at="2017-12-13T13:43:25Z" data-provider="solve" finished-at="2017-12-13T13:43:25Z">
          <params>
            <param index="0">
              <value>
                <![CDATA[[D@6cc4c815]]>
              </value>
            </param>
            <param index="1">
              <value>
                <![CDATA[[D@3a82f6ef]]>
              </value>
            </param>
            <param index="2">
              <value>
                <![CDATA[true]]>
              </value>
            </param>
          </params>
          <reporter-output>
          </reporter-output>
        </test-method> <!-- solvePolynom -->
        <test-method status="PASS" signature="solvePolynom([D, [D, boolean)[pri:0, instance:Main.Polynom2DegreeTest@6bdf28bb]" name="solvePolynom" duration-ms="0" started-at="2017-12-13T13:43:25Z" data-provider="solve" finished-at="2017-12-13T13:43:25Z">
          <params>
            <param index="0">
              <value>
                <![CDATA[[D@100fc185]]>
              </value>
            </param>
            <param index="1">
              <value>
                <![CDATA[[D@643b1d11]]>
              </value>
            </param>
            <param index="2">
              <value>
                <![CDATA[true]]>
              </value>
            </param>
          </params>
          <reporter-output>
          </reporter-output>
        </test-method> <!-- solvePolynom -->
      </class> <!-- Main.Polynom2DegreeTest -->
    </test> <!-- Command line test -->
  </suite> <!-- Main.Polynom2DegreeTest -->
</testng-results>
