<?xml version="1.0" encoding="UTF-8"?>
<!-- Generated by org.testng.reporters.JUnitXMLReporter -->
<testsuite hostname="DESKTOP-BOM3T3C" ignored="0" name="Command line test" tests="3" failures="0" timestamp="20 дек 2017 07:48:30 GMT" time="0.071" errors="0">
  <testcase name="getException" time="0.003" classname="MainScript.PolynomProcessorTest"/>
  <testcase name="solvePolynom" time="0.002" classname="MainScript.PolynomProcessorTest"/>
  <testcase name="solvePolynom" time="0.0" classname="MainScript.PolynomProcessorTest"/>
</testsuite> <!-- Command line test -->
