<?xml version="1.0" encoding="UTF-8"?>
<!-- Generated by org.testng.reporters.JUnitXMLReporter -->
<testsuite hostname="DESKTOP-BOM3T3C" ignored="0" name="Command line test" tests="11" failures="0" timestamp="20 дек 2017 06:47:17 GMT" time="1.378" errors="0">
  <testcase name="FunctionalWithDivision" time="0.082" classname="TestingFunctional.TestingIntegral"/>
  <testcase name="testingFunctionalOfExp" time="0.72" classname="TestingFunctional.TestingIntegral"/>
  <testcase name="testingLinearFunctionalMethods" time="0.069" classname="TestingFunctional.TestingIntegral"/>
  <testcase name="testingSinxFunctionalMethods" time="0.468" classname="TestingFunctional.TestingIntegral"/>
  <testcase name="FunctionalWithDivision" time="0.001" classname="TestingFunctional.TestingSums"/>
  <testcase name="testingFunctionalOfExp" time="0.001" classname="TestingFunctional.TestingSums"/>
  <testcase name="testingLinearFunctionalMethods" time="0.0" classname="TestingFunctional.TestingSums"/>
  <testcase name="FunctionWithDivision" time="0.0" classname="TestingFunctions.TestingFunctions"/>
  <testcase name="testingFunctionOfExp" time="0.0" classname="TestingFunctions.TestingFunctions"/>
  <testcase name="testingLinearFunctionMethods" time="0.0" classname="TestingFunctions.TestingFunctions"/>
  <testcase name="testingSinxFunctionMethods" time="0.001" classname="TestingFunctions.TestingFunctions"/>
</testsuite> <!-- Command line test -->
